# JRE version: Java(TM) SE Runtime Environment (7.0_79-b15) (build 1.7.0_79-b15)
# Java VM: Java HotSpot(TM) 64-Bit Server VM (24.79-b02 mixed mode bsd-amd64 compressed oops)
Heap
 PSYoungGen      total 47104K, used 34855K [0x00000007d5500000, 0x00000007d9300000, 0x0000000800000000)
  eden space 32768K, 99% used [0x00000007d5500000,0x00000007d74f0600,0x00000007d7500000)
  from space 14336K, 14% used [0x00000007d8500000,0x00000007d8719868,0x00000007d9300000)
  to   space 15360K, 0% used [0x00000007d7500000,0x00000007d7500000,0x00000007d8400000)
 ParOldGen       total 87040K, used 67753K [0x0000000780000000, 0x0000000785500000, 0x00000007d5500000)
  object space 87040K, 77% used [0x0000000780000000,0x000000078422a5a0,0x0000000785500000)
 PSPermGen       total 21504K, used 9186K [0x000000077ae00000, 0x000000077c300000, 0x0000000780000000)
  object space 21504K, 42% used [0x000000077ae00000,0x000000077b6f8870,0x000000077c300000)
GC Heap History (10 events):
Event: 2.741 GC heap before
{Heap before GC invocations=2 (full 0):
 PSYoungGen      total 38912K, used 38699K [0x00000007d5500000, 0x00000007d8000000, 0x0000000800000000)
  eden space 33792K, 99% used [0x00000007d5500000,0x00000007d75d0908,0x00000007d7600000)
  from space 5120K, 99% used [0x00000007d7600000,0x00000007d7afa588,0x00000007d7b00000)
  to   space 5120K, 0% used [0x00000007d7b00000,0x00000007d7b00000,0x00000007d8000000)
 ParOldGen       total 87040K, used 64580K [0x0000000780000000, 0x0000000785500000, 0x00000007d5500000)
  object space 87040K, 74% used [0x0000000780000000,0x0000000783f11190,0x0000000785500000)
 PSPermGen       total 21504K, used 8859K [0x000000077ae00000, 0x000000077c300000, 0x0000000780000000)
  object space 21504K, 41% used [0x000000077ae00000,0x000000077b6a6ce8,0x000000077c300000)
Event: 2.747 GC heap after
Heap after GC invocations=2 (full 0):
 PSYoungGen      total 38912K, used 5088K [0x00000007d5500000, 0x00000007d8000000, 0x0000000800000000)
  eden space 33792K, 0% used [0x00000007d5500000,0x00000007d5500000,0x00000007d7600000)
  from space 5120K, 99% used [0x00000007d7b00000,0x00000007d7ff8030,0x00000007d8000000)
  to   space 5120K, 0% used [0x00000007d7600000,0x00000007d7600000,0x00000007d7b00000)
 ParOldGen       total 87040K, used 67729K [0x0000000780000000, 0x0000000785500000, 0x00000007d5500000)
  object space 87040K, 77% used [0x0000000780000000,0x00000007842245a0,0x0000000785500000)
 PSPermGen       total 21504K, used 8859K [0x000000077ae00000, 0x000000077c300000, 0x0000000780000000)
  object space 21504K, 41% used [0x000000077ae00000,0x000000077b6a6ce8,0x000000077c300000)
}
Event: 5.021 GC heap before
{Heap before GC invocations=3 (full 0):
 PSYoungGen      total 38912K, used 38880K [0x00000007d5500000, 0x00000007d8000000, 0x0000000800000000)
  eden space 33792K, 100% used [0x00000007d5500000,0x00000007d7600000,0x00000007d7600000)
  from space 5120K, 99% used [0x00000007d7b00000,0x00000007d7ff8030,0x00000007d8000000)
  to   space 5120K, 0% used [0x00000007d7600000,0x00000007d7600000,0x00000007d7b00000)
 ParOldGen       total 87040K, used 67729K [0x0000000780000000, 0x0000000785500000, 0x00000007d5500000)
  object space 87040K, 77% used [0x0000000780000000,0x00000007842245a0,0x0000000785500000)
 PSPermGen       total 21504K, used 8968K [0x000000077ae00000, 0x000000077c300000, 0x0000000780000000)
  object space 21504K, 41% used [0x000000077ae00000,0x000000077b6c2328,0x000000077c300000)
Event: 5.026 GC heap after
Heap after GC invocations=3 (full 0):
 PSYoungGen      total 38912K, used 2294K [0x00000007d5500000, 0x00000007d8000000, 0x0000000800000000)
  eden space 33792K, 0% used [0x00000007d5500000,0x00000007d5500000,0x00000007d7600000)
  from space 5120K, 44% used [0x00000007d7600000,0x00000007d783d858,0x00000007d7b00000)
  to   space 5120K, 0% used [0x00000007d7b00000,0x00000007d7b00000,0x00000007d8000000)
 ParOldGen       total 87040K, used 67737K [0x0000000780000000, 0x0000000785500000, 0x00000007d5500000)
  object space 87040K, 77% used [0x0000000780000000,0x00000007842265a0,0x0000000785500000)
 PSPermGen       total 21504K, used 8968K [0x000000077ae00000, 0x000000077c300000, 0x0000000780000000)
  object space 21504K, 41% used [0x000000077ae00000,0x000000077b6c2328,0x000000077c300000)
}
Event: 9.127 GC heap before
{Heap before GC invocations=4 (full 0):
 PSYoungGen      total 38912K, used 36086K [0x00000007d5500000, 0x00000007d8000000, 0x0000000800000000)
  eden space 33792K, 100% used [0x00000007d5500000,0x00000007d7600000,0x00000007d7600000)
  from space 5120K, 44% used [0x00000007d7600000,0x00000007d783d858,0x00000007d7b00000)
  to   space 5120K, 0% used [0x00000007d7b00000,0x00000007d7b00000,0x00000007d8000000)
 ParOldGen       total 87040K, used 67737K [0x0000000780000000, 0x0000000785500000, 0x00000007d5500000)
  object space 87040K, 77% used [0x0000000780000000,0x00000007842265a0,0x0000000785500000)
 PSPermGen       total 21504K, used 9032K [0x000000077ae00000, 0x000000077c300000, 0x0000000780000000)
  object space 21504K, 42% used [0x000000077ae00000,0x000000077b6d2318,0x000000077c300000)
Event: 9.133 GC heap after
Heap after GC invocations=4 (full 0):
 PSYoungGen      total 38912K, used 2534K [0x00000007d5500000, 0x00000007d8000000, 0x0000000800000000)
  eden space 33792K, 0% used [0x00000007d5500000,0x00000007d5500000,0x00000007d7600000)
  from space 5120K, 49% used [0x00000007d7b00000,0x00000007d7d79868,0x00000007d8000000)
  to   space 5120K, 0% used [0x00000007d7600000,0x00000007d7600000,0x00000007d7b00000)
 ParOldGen       total 87040K, used 67745K [0x0000000780000000, 0x0000000785500000, 0x00000007d5500000)
  object space 87040K, 77% used [0x0000000780000000,0x00000007842285a0,0x0000000785500000)
 PSPermGen       total 21504K, used 9032K [0x000000077ae00000, 0x000000077c300000, 0x0000000780000000)
  object space 21504K, 42% used [0x000000077ae00000,0x000000077b6d2318,0x000000077c300000)
}
Event: 12.727 GC heap before
{Heap before GC invocations=5 (full 0):
 PSYoungGen      total 38912K, used 35778K [0x00000007d5500000, 0x00000007d8000000, 0x0000000800000000)
  eden space 33792K, 98% used [0x00000007d5500000,0x00000007d7576f98,0x00000007d7600000)
  from space 5120K, 49% used [0x00000007d7b00000,0x00000007d7d79868,0x00000007d8000000)
  to   space 5120K, 0% used [0x00000007d7600000,0x00000007d7600000,0x00000007d7b00000)
 ParOldGen       total 87040K, used 67745K [0x0000000780000000, 0x0000000785500000, 0x00000007d5500000)
  object space 87040K, 77% used [0x0000000780000000,0x00000007842285a0,0x0000000785500000)
 PSPermGen       total 21504K, used 9110K [0x000000077ae00000, 0x000000077c300000, 0x0000000780000000)
  object space 21504K, 42% used [0x000000077ae00000,0x000000077b6e59b8,0x000000077c300000)
Event: 12.731 GC heap after
Heap after GC invocations=5 (full 0):
 PSYoungGen      total 38400K, used 2566K [0x00000007d5500000, 0x00000007d9480000, 0x0000000800000000)
  eden space 33280K, 0% used [0x00000007d5500000,0x00000007d5500000,0x00000007d7580000)
  from space 5120K, 50% used [0x00000007d7600000,0x00000007d7881868,0x00000007d7b00000)
  to   space 15872K, 0% used [0x00000007d8500000,0x00000007d8500000,0x00000007d9480000)
 ParOldGen       total 87040K, used 67753K [0x0000000780000000, 0x0000000785500000, 0x00000007d5500000)
  object space 87040K, 77% used [0x0000000780000000,0x000000078422a5a0,0x0000000785500000)
 PSPermGen       total 21504K, used 9110K [0x000000077ae00000, 0x000000077c300000, 0x0000000780000000)
  object space 21504K, 42% used [0x000000077ae00000,0x000000077b6e59b8,0x000000077c300000)
}
Event: 13.446 GC heap before
{Heap before GC invocations=6 (full 0):
 PSYoungGen      total 38400K, used 35846K [0x00000007d5500000, 0x00000007d9480000, 0x0000000800000000)
  eden space 33280K, 100% used [0x00000007d5500000,0x00000007d7580000,0x00000007d7580000)
  from space 5120K, 50% used [0x00000007d7600000,0x00000007d7881868,0x00000007d7b00000)
  to   space 15872K, 0% used [0x00000007d8500000,0x00000007d8500000,0x00000007d9480000)
 ParOldGen       total 87040K, used 67753K [0x0000000780000000, 0x0000000785500000, 0x00000007d5500000)
  object space 87040K, 77% used [0x0000000780000000,0x000000078422a5a0,0x0000000785500000)
 PSPermGen       total 21504K, used 9151K [0x000000077ae00000, 0x000000077c300000, 0x0000000780000000)
  object space 21504K, 42% used [0x000000077ae00000,0x000000077b6efcd0,0x000000077c300000)
Event: 13.450 GC heap after
Heap after GC invocations=6 (full 0):
 PSYoungGen      total 47104K, used 2150K [0x00000007d5500000, 0x00000007d9300000, 0x0000000800000000)
  eden space 32768K, 0% used [0x00000007d5500000,0x00000007d5500000,0x00000007d7500000)
  from space 14336K, 14% used [0x00000007d8500000,0x00000007d8719868,0x00000007d9300000)
  to   space 15360K, 0% used [0x00000007d7500000,0x00000007d7500000,0x00000007d8400000)
 ParOldGen       total 87040K, used 67753K [0x0000000780000000, 0x0000000785500000, 0x00000007d5500000)
  object space 87040K, 77% used [0x0000000780000000,0x000000078422a5a0,0x0000000785500000)
 PSPermGen       total 21504K, used 9151K [0x000000077ae00000, 0x000000077c300000, 0x0000000780000000)
  object space 21504K, 42% used [0x000000077ae00000,0x000000077b6efcd0,0x000000077c300000)
}

