# JRE version: Java(TM) SE Runtime Environment (7.0_79-b15) (build 1.7.0_79-b15)
# Java VM: Java HotSpot(TM) 64-Bit Server VM (24.79-b02 mixed mode bsd-amd64 compressed oops)
Heap
 PSYoungGen      total 43520K, used 11482K [0x00000007d5500000, 0x00000007d8d00000, 0x0000000800000000)
  eden space 30720K, 36% used [0x00000007d5500000,0x00000007d5ff6bc8,0x00000007d7300000)
  from space 12800K, 2% used [0x00000007d8080000,0x00000007d80c0000,0x00000007d8d00000)
  to   space 13312K, 0% used [0x00000007d7300000,0x00000007d7300000,0x00000007d8000000)
 ParOldGen       total 87040K, used 69822K [0x0000000780000000, 0x0000000785500000, 0x00000007d5500000)
  object space 87040K, 80% used [0x0000000780000000,0x000000078442f998,0x0000000785500000)
 PSPermGen       total 21504K, used 9198K [0x000000077ae00000, 0x000000077c300000, 0x0000000780000000)
  object space 21504K, 42% used [0x000000077ae00000,0x000000077b6fb8b8,0x000000077c300000)
GC Heap History (10 events):
Event: 16.765 GC heap before
{Heap before GC invocations=6 (full 0):
 PSYoungGen      total 38400K, used 35794K [0x00000007d5500000, 0x00000007d9480000, 0x0000000800000000)
  eden space 33280K, 100% used [0x00000007d5500000,0x00000007d7580000,0x00000007d7580000)
  from space 5120K, 49% used [0x00000007d7600000,0x00000007d78748f0,0x00000007d7b00000)
  to   space 15872K, 0% used [0x00000007d8500000,0x00000007d8500000,0x00000007d9480000)
 ParOldGen       total 87040K, used 67709K [0x0000000780000000, 0x0000000785500000, 0x00000007d5500000)
  object space 87040K, 77% used [0x0000000780000000,0x000000078421f6c0,0x0000000785500000)
 PSPermGen       total 21504K, used 9096K [0x000000077ae00000, 0x000000077c300000, 0x0000000780000000)
  object space 21504K, 42% used [0x000000077ae00000,0x000000077b6e21f0,0x000000077c300000)
Event: 16.773 GC heap after
Heap after GC invocations=6 (full 0):
 PSYoungGen      total 47104K, used 2582K [0x00000007d5500000, 0x00000007d9300000, 0x0000000800000000)
  eden space 32768K, 0% used [0x00000007d5500000,0x00000007d5500000,0x00000007d7500000)
  from space 14336K, 18% used [0x00000007d8500000,0x00000007d8785858,0x00000007d9300000)
  to   space 15360K, 0% used [0x00000007d7500000,0x00000007d7500000,0x00000007d8400000)
 ParOldGen       total 87040K, used 67717K [0x0000000780000000, 0x0000000785500000, 0x00000007d5500000)
  object space 87040K, 77% used [0x0000000780000000,0x00000007842216c0,0x0000000785500000)
 PSPermGen       total 21504K, used 9096K [0x000000077ae00000, 0x000000077c300000, 0x0000000780000000)
  object space 21504K, 42% used [0x000000077ae00000,0x000000077b6e21f0,0x000000077c300000)
}
Event: 20.063 GC heap before
{Heap before GC invocations=7 (full 0):
 PSYoungGen      total 47104K, used 35350K [0x00000007d5500000, 0x00000007d9300000, 0x0000000800000000)
  eden space 32768K, 100% used [0x00000007d5500000,0x00000007d7500000,0x00000007d7500000)
  from space 14336K, 18% used [0x00000007d8500000,0x00000007d8785858,0x00000007d9300000)
  to   space 15360K, 0% used [0x00000007d7500000,0x00000007d7500000,0x00000007d8400000)
 ParOldGen       total 87040K, used 67717K [0x0000000780000000, 0x0000000785500000, 0x00000007d5500000)
  object space 87040K, 77% used [0x0000000780000000,0x00000007842216c0,0x0000000785500000)
 PSPermGen       total 21504K, used 9105K [0x000000077ae00000, 0x000000077c300000, 0x0000000780000000)
  object space 21504K, 42% used [0x000000077ae00000,0x000000077b6e4790,0x000000077c300000)
Event: 20.069 GC heap after
Heap after GC invocations=7 (full 0):
 PSYoungGen      total 33280K, used 576K [0x00000007d5500000, 0x00000007d9180000, 0x0000000800000000)
  eden space 32256K, 0% used [0x00000007d5500000,0x00000007d5500000,0x00000007d7480000)
  from space 1024K, 56% used [0x00000007d7500000,0x00000007d7590000,0x00000007d7600000)
  to   space 14848K, 0% used [0x00000007d8300000,0x00000007d8300000,0x00000007d9180000)
 ParOldGen       total 87040K, used 69718K [0x0000000780000000, 0x0000000785500000, 0x00000007d5500000)
  object space 87040K, 80% used [0x0000000780000000,0x0000000784415978,0x0000000785500000)
 PSPermGen       total 21504K, used 9105K [0x000000077ae00000, 0x000000077c300000, 0x0000000780000000)
  object space 21504K, 42% used [0x000000077ae00000,0x000000077b6e4790,0x000000077c300000)
}
Event: 23.174 GC heap before
{Heap before GC invocations=8 (full 0):
 PSYoungGen      total 33280K, used 32832K [0x00000007d5500000, 0x00000007d9180000, 0x0000000800000000)
  eden space 32256K, 100% used [0x00000007d5500000,0x00000007d7480000,0x00000007d7480000)
  from space 1024K, 56% used [0x00000007d7500000,0x00000007d7590000,0x00000007d7600000)
  to   space 14848K, 0% used [0x00000007d8300000,0x00000007d8300000,0x00000007d9180000)
 ParOldGen       total 87040K, used 69718K [0x0000000780000000, 0x0000000785500000, 0x00000007d5500000)
  object space 87040K, 80% used [0x0000000780000000,0x0000000784415978,0x0000000785500000)
 PSPermGen       total 21504K, used 9106K [0x000000077ae00000, 0x000000077c300000, 0x0000000780000000)
  object space 21504K, 42% used [0x000000077ae00000,0x000000077b6e4ab0,0x000000077c300000)
Event: 23.177 GC heap after
Heap after GC invocations=8 (full 0):
 PSYoungGen      total 45056K, used 544K [0x00000007d5500000, 0x00000007d9000000, 0x0000000800000000)
  eden space 31744K, 0% used [0x00000007d5500000,0x00000007d5500000,0x00000007d7400000)
  from space 13312K, 4% used [0x00000007d8300000,0x00000007d8388000,0x00000007d9000000)
  to   space 14336K, 0% used [0x00000007d7400000,0x00000007d7400000,0x00000007d8200000)
 ParOldGen       total 87040K, used 69782K [0x0000000780000000, 0x0000000785500000, 0x00000007d5500000)
  object space 87040K, 80% used [0x0000000780000000,0x0000000784425998,0x0000000785500000)
 PSPermGen       total 21504K, used 9106K [0x000000077ae00000, 0x000000077c300000, 0x0000000780000000)
  object space 21504K, 42% used [0x000000077ae00000,0x000000077b6e4ab0,0x000000077c300000)
}
Event: 24.774 GC heap before
{Heap before GC invocations=9 (full 0):
 PSYoungGen      total 45056K, used 29921K [0x00000007d5500000, 0x00000007d9000000, 0x0000000800000000)
  eden space 31744K, 92% used [0x00000007d5500000,0x00000007d71b0530,0x00000007d7400000)
  from space 13312K, 4% used [0x00000007d8300000,0x00000007d8388000,0x00000007d9000000)
  to   space 14336K, 0% used [0x00000007d7400000,0x00000007d7400000,0x00000007d8200000)
 ParOldGen       total 87040K, used 69782K [0x0000000780000000, 0x0000000785500000, 0x00000007d5500000)
  object space 87040K, 80% used [0x0000000780000000,0x0000000784425998,0x0000000785500000)
 PSPermGen       total 21504K, used 9192K [0x000000077ae00000, 0x000000077c300000, 0x0000000780000000)
  object space 21504K, 42% used [0x000000077ae00000,0x000000077b6fa198,0x000000077c300000)
Event: 24.776 GC heap after
Heap after GC invocations=9 (full 0):
 PSYoungGen      total 35328K, used 3695K [0x00000007d5500000, 0x00000007d8d80000, 0x0000000800000000)
  eden space 31232K, 0% used [0x00000007d5500000,0x00000007d5500000,0x00000007d7380000)
  from space 4096K, 90% used [0x00000007d7400000,0x00000007d779bc30,0x00000007d7800000)
  to   space 13312K, 0% used [0x00000007d8080000,0x00000007d8080000,0x00000007d8d80000)
 ParOldGen       total 87040K, used 69806K [0x0000000780000000, 0x0000000785500000, 0x00000007d5500000)
  object space 87040K, 80% used [0x0000000780000000,0x000000078442b998,0x0000000785500000)
 PSPermGen       total 21504K, used 9192K [0x000000077ae00000, 0x000000077c300000, 0x0000000780000000)
  object space 21504K, 42% used [0x000000077ae00000,0x000000077b6fa198,0x000000077c300000)
}
Event: 27.255 GC heap before
{Heap before GC invocations=10 (full 0):
 PSYoungGen      total 35328K, used 34927K [0x00000007d5500000, 0x00000007d8d80000, 0x0000000800000000)
  eden space 31232K, 100% used [0x00000007d5500000,0x00000007d7380000,0x00000007d7380000)
  from space 4096K, 90% used [0x00000007d7400000,0x00000007d779bc30,0x00000007d7800000)
  to   space 13312K, 0% used [0x00000007d8080000,0x00000007d8080000,0x00000007d8d80000)
 ParOldGen       total 87040K, used 69806K [0x0000000780000000, 0x0000000785500000, 0x00000007d5500000)
  object space 87040K, 80% used [0x0000000780000000,0x000000078442b998,0x0000000785500000)
 PSPermGen       total 21504K, used 9193K [0x000000077ae00000, 0x000000077c300000, 0x0000000780000000)
  object space 21504K, 42% used [0x000000077ae00000,0x000000077b6fa420,0x000000077c300000)
Event: 27.257 GC heap after
Heap after GC invocations=10 (full 0):
 PSYoungGen      total 43520K, used 256K [0x00000007d5500000, 0x00000007d8d00000, 0x0000000800000000)
  eden space 30720K, 0% used [0x00000007d5500000,0x00000007d5500000,0x00000007d7300000)
  from space 12800K, 2% used [0x00000007d8080000,0x00000007d80c0000,0x00000007d8d00000)
  to   space 13312K, 0% used [0x00000007d7300000,0x00000007d7300000,0x00000007d8000000)
 ParOldGen       total 87040K, used 69822K [0x0000000780000000, 0x0000000785500000, 0x00000007d5500000)
  object space 87040K, 80% used [0x0000000780000000,0x000000078442f998,0x0000000785500000)
 PSPermGen       total 21504K, used 9193K [0x000000077ae00000, 0x000000077c300000, 0x0000000780000000)
  object space 21504K, 42% used [0x000000077ae00000,0x000000077b6fa420,0x000000077c300000)
}

