# JRE version: Java(TM) SE Runtime Environment (7.0_79-b15) (build 1.7.0_79-b15)
# Java VM: Java HotSpot(TM) 64-Bit Server VM (24.79-b02 mixed mode bsd-amd64 compressed oops)
Heap
 PSYoungGen      total 38912K, used 4339K [0x00000007d5500000, 0x00000007d8000000, 0x0000000800000000)
  eden space 33792K, 1% used [0x00000007d5500000,0x00000007d556aac8,0x00000007d7600000)
  from space 5120K, 76% used [0x00000007d7b00000,0x00000007d7ed2168,0x00000007d8000000)
  to   space 5120K, 0% used [0x00000007d7600000,0x00000007d7600000,0x00000007d7b00000)
 ParOldGen       total 153088K, used 143702K [0x0000000780000000, 0x0000000789580000, 0x00000007d5500000)
  object space 153088K, 93% used [0x0000000780000000,0x0000000788c558c0,0x0000000789580000)
 PSPermGen       total 21504K, used 6805K [0x000000077ae00000, 0x000000077c300000, 0x0000000780000000)
  object space 21504K, 31% used [0x000000077ae00000,0x000000077b4a5458,0x000000077c300000)
GC Heap History (4 events):
Event: 1.635 GC heap before
{Heap before GC invocations=1 (full 0):
 PSYoungGen      total 38912K, used 31930K [0x00000007d5500000, 0x00000007d8000000, 0x0000000800000000)
  eden space 33792K, 94% used [0x00000007d5500000,0x00000007d742e8c0,0x00000007d7600000)
  from space 5120K, 0% used [0x00000007d7b00000,0x00000007d7b00000,0x00000007d8000000)
  to   space 5120K, 0% used [0x00000007d7600000,0x00000007d7600000,0x00000007d7b00000)
 ParOldGen       total 87040K, used 0K [0x0000000780000000, 0x0000000785500000, 0x00000007d5500000)
  object space 87040K, 0% used [0x0000000780000000,0x0000000780000000,0x0000000785500000)
 PSPermGen       total 21504K, used 6629K [0x000000077ae00000, 0x000000077c300000, 0x0000000780000000)
  object space 21504K, 30% used [0x000000077ae00000,0x000000077b4796f8,0x000000077c300000)
Event: 1.644 GC heap after
Heap after GC invocations=1 (full 0):
 PSYoungGen      total 38912K, used 5110K [0x00000007d5500000, 0x00000007d8000000, 0x0000000800000000)
  eden space 33792K, 0% used [0x00000007d5500000,0x00000007d5500000,0x00000007d7600000)
  from space 5120K, 99% used [0x00000007d7600000,0x00000007d7afd9f8,0x00000007d7b00000)
  to   space 5120K, 0% used [0x00000007d7b00000,0x00000007d7b00000,0x00000007d8000000)
 ParOldGen       total 87040K, used 8751K [0x0000000780000000, 0x0000000785500000, 0x00000007d5500000)
  object space 87040K, 10% used [0x0000000780000000,0x000000078088bc90,0x0000000785500000)
 PSPermGen       total 21504K, used 6629K [0x000000077ae00000, 0x000000077c300000, 0x0000000780000000)
  object space 21504K, 30% used [0x000000077ae00000,0x000000077b4796f8,0x000000077c300000)
}
Event: 9.103 GC heap before
{Heap before GC invocations=2 (full 0):
 PSYoungGen      total 38912K, used 38902K [0x00000007d5500000, 0x00000007d8000000, 0x0000000800000000)
  eden space 33792K, 100% used [0x00000007d5500000,0x00000007d7600000,0x00000007d7600000)
  from space 5120K, 99% used [0x00000007d7600000,0x00000007d7afd9f8,0x00000007d7b00000)
  to   space 5120K, 0% used [0x00000007d7b00000,0x00000007d7b00000,0x00000007d8000000)
 ParOldGen       total 153088K, used 143694K [0x0000000780000000, 0x0000000789580000, 0x00000007d5500000)
  object space 153088K, 93% used [0x0000000780000000,0x0000000788c538c0,0x0000000789580000)
 PSPermGen       total 21504K, used 6799K [0x000000077ae00000, 0x000000077c300000, 0x0000000780000000)
  object space 21504K, 31% used [0x000000077ae00000,0x000000077b4a3fe0,0x000000077c300000)
Event: 9.109 GC heap after
Heap after GC invocations=2 (full 0):
 PSYoungGen      total 38912K, used 3912K [0x00000007d5500000, 0x00000007d8000000, 0x0000000800000000)
  eden space 33792K, 0% used [0x00000007d5500000,0x00000007d5500000,0x00000007d7600000)
  from space 5120K, 76% used [0x00000007d7b00000,0x00000007d7ed2168,0x00000007d8000000)
  to   space 5120K, 0% used [0x00000007d7600000,0x00000007d7600000,0x00000007d7b00000)
 ParOldGen       total 153088K, used 143702K [0x0000000780000000, 0x0000000789580000, 0x00000007d5500000)
  object space 153088K, 93% used [0x0000000780000000,0x0000000788c558c0,0x0000000789580000)
 PSPermGen       total 21504K, used 6799K [0x000000077ae00000, 0x000000077c300000, 0x0000000780000000)
  object space 21504K, 31% used [0x000000077ae00000,0x000000077b4a3fe0,0x000000077c300000)
}

